[2026-02-18T21:21:11.146Z] Starting dev server with command: NODE_ENV=development tsx watch server/_core/index.ts
[2026-02-18T21:21:11.174Z] /bin/sh: 1: tsx: not found
[2026-02-18T21:21:11.175Z] Dev server exited with code 127
[2026-02-19T18:31:05.882Z] Starting dev server with command: NODE_ENV=development tsx watch server/_core/index.ts
[2026-02-19T18:31:05.912Z] /bin/sh: 1: tsx: not found
[2026-02-19T18:31:05.913Z] Dev server exited with code 127
[2026-02-19T18:32:00.925Z] Starting dev server with command: NODE_ENV=development tsx watch server/_core/index.ts
[2026-02-19T18:32:00.958Z] /bin/sh: 1: tsx: not found
[2026-02-19T18:32:00.958Z] Dev server exited with code 127
[2026-02-19T18:32:18.746Z] Starting dev server with command: NODE_ENV=development tsx watch server/_core/index.ts
[2026-02-19T18:32:19.111Z] 
[2026-02-19T18:32:19.112Z] node:internal/modules/run_main:122
[2026-02-19T18:32:19.112Z] triggerUncaughtException(
[2026-02-19T18:32:19.112Z] ^
[2026-02-19T18:32:19.113Z] Error [ERR_MODULE_NOT_FOUND]: Cannot find module '/home/ubuntu/sharaka-platform/server/_core/index.ts' imported from /home/ubuntu/sharaka-platform/
[2026-02-19T18:32:19.113Z] at finalizeResolution (node:internal/modules/esm/resolve:275:11)
[2026-02-19T18:32:19.113Z] at moduleResolve (node:internal/modules/esm/resolve:932:10)
[2026-02-19T18:32:19.113Z] at defaultResolve (node:internal/modules/esm/resolve:1056:11)
[2026-02-19T18:32:19.114Z] at nextResolve (node:internal/modules/esm/hooks:748:28)
[2026-02-19T18:32:19.114Z] at resolveBase (file:///home/ubuntu/.local/share/pnpm/global/5/.pnpm/tsx@4.21.0/node_modules/tsx/dist/esm/index.mjs?1771525939026:2:3744)
[2026-02-19T18:32:19.114Z] at resolveDirectory (file:///home/ubuntu/.local/share/pnpm/global/5/.pnpm/tsx@4.21.0/node_modules/tsx/dist/esm/index.mjs?1771525939026:2:4243)
[2026-02-19T18:32:19.114Z] at resolveTsPaths (file:///home/ubuntu/.local/share/pnpm/global/5/.pnpm/tsx@4.21.0/node_modules/tsx/dist/esm/index.mjs?1771525939026:2:4984)
[2026-02-19T18:32:19.114Z] at resolve (file:///home/ubuntu/.local/share/pnpm/global/5/.pnpm/tsx@4.21.0/node_modules/tsx/dist/esm/index.mjs?1771525939026:2:5361)
[2026-02-19T18:32:19.115Z] at nextResolve (node:internal/modules/esm/hooks:748:28)
[2026-02-19T18:32:19.115Z] at Hooks.resolve (node:internal/modules/esm/hooks:240:30) {
[2026-02-19T18:32:19.115Z] code: 'ERR_MODULE_NOT_FOUND',
[2026-02-19T18:32:19.115Z] url: 'file:///home/ubuntu/sharaka-platform/server/_core/index.ts'
[2026-02-19T18:32:19.115Z] }
[2026-02-19T18:32:19.116Z] 
[2026-02-19T18:32:19.116Z] Node.js v22.13.0
[2026-02-19T18:33:12.582Z] Dev server process group stopped
[2026-02-19T18:33:12.609Z] Dev server exited with code -15
[2026-02-19T18:36:04.530Z] Starting dev server with command: NODE_ENV=development tsx watch server/_core/index.ts
[2026-02-19T18:36:04.907Z] 
[2026-02-19T18:36:04.908Z] node:internal/modules/run_main:122
[2026-02-19T18:36:04.909Z] triggerUncaughtException(
[2026-02-19T18:36:04.909Z] ^
[2026-02-19T18:36:04.910Z] Error [ERR_MODULE_NOT_FOUND]: Cannot find module '/home/ubuntu/sharaka-platform/server/_core/index.ts' imported from /home/ubuntu/sharaka-platform/
[2026-02-19T18:36:04.910Z] at finalizeResolution (node:internal/modules/esm/resolve:275:11)
[2026-02-19T18:36:04.911Z] at moduleResolve (node:internal/modules/esm/resolve:932:10)
[2026-02-19T18:36:04.911Z] at defaultResolve (node:internal/modules/esm/resolve:1056:11)
[2026-02-19T18:36:04.911Z] at nextResolve (node:internal/modules/esm/hooks:748:28)
[2026-02-19T18:36:04.912Z] at resolveBase (file:///home/ubuntu/.local/share/pnpm/global/5/.pnpm/tsx@4.21.0/node_modules/tsx/dist/esm/index.mjs?1771526164820:2:3744)
[2026-02-19T18:36:04.912Z] at resolveDirectory (file:///home/ubuntu/.local/share/pnpm/global/5/.pnpm/tsx@4.21.0/node_modules/tsx/dist/esm/index.mjs?1771526164820:2:4243)
[2026-02-19T18:36:04.912Z] at resolveTsPaths (file:///home/ubuntu/.local/share/pnpm/global/5/.pnpm/tsx@4.21.0/node_modules/tsx/dist/esm/index.mjs?1771526164820:2:4984)
[2026-02-19T18:36:04.913Z] at resolve (file:///home/ubuntu/.local/share/pnpm/global/5/.pnpm/tsx@4.21.0/node_modules/tsx/dist/esm/index.mjs?1771526164820:2:5361)
[2026-02-19T18:36:04.913Z] at nextResolve (node:internal/modules/esm/hooks:748:28)
[2026-02-19T18:36:04.914Z] at Hooks.resolve (node:internal/modules/esm/hooks:240:30) {
[2026-02-19T18:36:04.914Z] code: 'ERR_MODULE_NOT_FOUND',
[2026-02-19T18:36:04.914Z] url: 'file:///home/ubuntu/sharaka-platform/server/_core/index.ts'
[2026-02-19T18:36:04.914Z] }
[2026-02-19T18:36:04.915Z] 
[2026-02-19T18:36:04.916Z] Node.js v22.13.0
[2026-02-19T18:43:30.047Z] Dev server process group stopped
[2026-02-19T18:43:30.052Z] Dev server exited with code -15
[2026-02-19T18:43:33.052Z] Starting dev server with command: NODE_ENV=development tsx watch server/_core/index.ts
[2026-02-19T18:43:33.432Z] 
[2026-02-19T18:43:33.433Z] node:internal/modules/run_main:122
[2026-02-19T18:43:33.434Z] triggerUncaughtException(
[2026-02-19T18:43:33.434Z] ^
[2026-02-19T18:43:33.434Z] Error [ERR_MODULE_NOT_FOUND]: Cannot find package 'express' imported from /home/ubuntu/sharaka-platform/server/_core/index.ts
[2026-02-19T18:43:33.434Z] at packageResolve (node:internal/modules/esm/resolve:857:9)
[2026-02-19T18:43:33.435Z] at moduleResolve (node:internal/modules/esm/resolve:926:18)
[2026-02-19T18:43:33.435Z] at defaultResolve (node:internal/modules/esm/resolve:1056:11)
[2026-02-19T18:43:33.435Z] at nextResolve (node:internal/modules/esm/hooks:748:28)
[2026-02-19T18:43:33.435Z] at resolveBase (file:///home/ubuntu/.local/share/pnpm/global/5/.pnpm/tsx@4.21.0/node_modules/tsx/dist/esm/index.mjs?1771526613331:2:3744)
[2026-02-19T18:43:33.435Z] at resolveDirectory (file:///home/ubuntu/.local/share/pnpm/global/5/.pnpm/tsx@4.21.0/node_modules/tsx/dist/esm/index.mjs?1771526613331:2:4243)
[2026-02-19T18:43:33.436Z] at resolveTsPaths (file:///home/ubuntu/.local/share/pnpm/global/5/.pnpm/tsx@4.21.0/node_modules/tsx/dist/esm/index.mjs?1771526613331:2:4984)
[2026-02-19T18:43:33.436Z] at async resolve (file:///home/ubuntu/.local/share/pnpm/global/5/.pnpm/tsx@4.21.0/node_modules/tsx/dist/esm/index.mjs?1771526613331:2:5355)
[2026-02-19T18:43:33.436Z] at async nextResolve (node:internal/modules/esm/hooks:748:22)
[2026-02-19T18:43:33.436Z] at async Hooks.resolve (node:internal/modules/esm/hooks:240:24) {
[2026-02-19T18:43:33.436Z] code: 'ERR_MODULE_NOT_FOUND'
[2026-02-19T18:43:33.437Z] }
[2026-02-19T18:43:33.437Z] 
[2026-02-19T18:43:33.437Z] Node.js v22.13.0
[2026-02-19T18:43:59.227Z] 1:43:59 PM [tsx] change in ./server/_core/index.ts Rerunning...
[2026-02-19T18:43:59.402Z] cServer initialized
[2026-02-19T18:44:03.804Z] Dev server process group stopped
[2026-02-19T18:44:03.809Z] Dev server exited with code -15
[2026-02-19T18:44:06.809Z] Starting dev server with command: NODE_ENV=development tsx watch server/_core/index.ts
[2026-02-19T18:44:07.193Z] Server initialized
[2026-02-19T18:49:12.262Z] Dev server process group stopped
[2026-02-19T18:49:12.267Z] Dev server exited with code -15
[2026-02-19T18:49:15.266Z] Starting dev server with command: NODE_ENV=development tsx watch server/_core/index.ts
[2026-02-19T18:49:15.631Z] Server initialized
[2026-02-19T18:52:17.220Z] 1:52:17 PM [tsx] change in ./server/_core/index.ts Rerunning...
[2026-02-19T18:52:17.444Z] cServer running on http://localhost:3000/
[2026-02-19T18:52:22.955Z] Dev server process group stopped
[2026-02-19T18:52:22.967Z] Dev server exited with code -15
[2026-02-19T18:52:25.959Z] Starting dev server with command: NODE_ENV=development tsx watch server/_core/index.ts
[2026-02-19T18:52:26.347Z] Server running on http://localhost:3000/
[2026-02-19T18:52:51.178Z] 1:52:51 PM [tsx] unlink in ./server/_core/index.ts Restarting...
[2026-02-19T18:52:51.373Z] c
[2026-02-19T18:52:51.374Z] node:internal/modules/run_main:122
[2026-02-19T18:52:51.374Z] triggerUncaughtException(
[2026-02-19T18:52:51.375Z] ^
[2026-02-19T18:52:51.375Z] Error [ERR_MODULE_NOT_FOUND]: Cannot find module '/home/ubuntu/sharaka-platform/server/_core/index.ts' imported from /home/ubuntu/sharaka-platform/
[2026-02-19T18:52:51.375Z] at finalizeResolution (node:internal/modules/esm/resolve:275:11)
[2026-02-19T18:52:51.375Z] at moduleResolve (node:internal/modules/esm/resolve:932:10)
[2026-02-19T18:52:51.375Z] at defaultResolve (node:internal/modules/esm/resolve:1056:11)
[2026-02-19T18:52:51.376Z] at nextResolve (node:internal/modules/esm/hooks:748:28)
[2026-02-19T18:52:51.376Z] at resolveBase (file:///home/ubuntu/.local/share/pnpm/global/5/.pnpm/tsx@4.21.0/node_modules/tsx/dist/esm/index.mjs?1771527171271:2:3744)
[2026-02-19T18:52:51.376Z] at resolveDirectory (file:///home/ubuntu/.local/share/pnpm/global/5/.pnpm/tsx@4.21.0/node_modules/tsx/dist/esm/index.mjs?1771527171271:2:4243)
[2026-02-19T18:52:51.376Z] at resolveTsPaths (file:///home/ubuntu/.local/share/pnpm/global/5/.pnpm/tsx@4.21.0/node_modules/tsx/dist/esm/index.mjs?1771527171271:2:4984)
[2026-02-19T18:52:51.377Z] at resolve (file:///home/ubuntu/.local/share/pnpm/global/5/.pnpm/tsx@4.21.0/node_modules/tsx/dist/esm/index.mjs?1771527171271:2:5361)
[2026-02-19T18:52:51.377Z] at nextResolve (node:internal/modules/esm/hooks:748:28)
[2026-02-19T18:52:51.377Z] at Hooks.resolve (node:internal/modules/esm/hooks:240:30) {
[2026-02-19T18:52:51.377Z] code: 'ERR_MODULE_NOT_FOUND',
[2026-02-19T18:52:51.377Z] url: 'file:///home/ubuntu/sharaka-platform/server/_core/index.ts'
[2026-02-19T18:52:51.378Z] }
[2026-02-19T18:52:51.378Z] 
[2026-02-19T18:52:51.378Z] Node.js v22.13.0
[2026-02-19T18:55:17.398Z] Dev server process group stopped
[2026-02-19T18:55:17.404Z] Dev server exited with code -15
[2026-02-19T18:55:20.404Z] Starting dev server with command: NODE_ENV=development tsx watch server/_core/index.ts
[2026-02-19T18:55:20.850Z] Server running on http://localhost:3000/
[2026-02-19T18:57:17.954Z] Dev server process group stopped
[2026-02-19T18:57:17.989Z] Dev server exited with code -15
[2026-02-19T18:57:20.959Z] Starting dev server with command: NODE_ENV=development tsx watch server/_core/index.ts
[2026-02-19T18:57:21.352Z] Server running on http://localhost:3000/
[2026-02-19T18:59:35.118Z] Dev server process group stopped
[2026-02-19T18:59:35.130Z] Dev server exited with code -15
[2026-02-19T18:59:38.122Z] Starting dev server with command: NODE_ENV=development tsx watch server/_core/index.ts
[2026-02-19T18:59:38.509Z] Server running on http://localhost:3000/
[2026-02-19T19:06:13.247Z] Dev server process group stopped
[2026-02-19T19:06:13.277Z] Dev server exited with code -15
[2026-02-19T19:06:16.252Z] Starting dev server with command: NODE_ENV=development tsx watch server/_core/index.ts
[2026-02-19T19:06:16.637Z] Server running on http://localhost:3000/
[2026-02-19T19:06:32.032Z] Dev server process group stopped
[2026-02-19T19:06:32.045Z] Dev server exited with code -15
[2026-02-19T19:06:35.037Z] Starting dev server with command: NODE_ENV=development tsx watch server/_core/index.ts
[2026-02-19T19:06:35.424Z] Server running on http://localhost:3000/
[2026-02-19T19:06:58.383Z] Dev server process group stopped
[2026-02-19T19:06:58.397Z] Dev server exited with code -15
[2026-02-19T19:07:01.388Z] Starting dev server with command: NODE_ENV=development tsx watch server/_core/index.ts
[2026-02-19T19:07:01.782Z] Server running on http://localhost:3000/
[2026-02-19T19:14:43.559Z] Dev server process group stopped
[2026-02-19T19:14:43.573Z] Dev server exited with code -15
[2026-02-19T19:14:46.563Z] Starting dev server with command: NODE_ENV=development tsx watch server/_core/index.ts
[2026-02-19T19:14:46.948Z] Server running on http://localhost:3000/
[2026-02-19T19:21:40.907Z] Dev server process group stopped
[2026-02-19T19:21:40.937Z] Dev server exited with code -15
[2026-02-19T19:21:43.912Z] Starting dev server with command: NODE_ENV=development tsx watch server/_core/index.ts
[2026-02-19T19:21:44.302Z] Server running on http://localhost:3000/
[2026-02-19T19:30:19.347Z] Dev server process group stopped
[2026-02-19T19:30:19.377Z] Dev server exited with code -15
[2026-02-19T19:30:22.353Z] Starting dev server with command: NODE_ENV=development tsx watch server/_core/index.ts
[2026-02-19T19:30:22.767Z] Server running on http://localhost:3000/
[2026-02-19T19:32:34.150Z] Dev server process group stopped
[2026-02-19T19:32:34.164Z] Dev server exited with code -15
[2026-02-19T19:32:37.155Z] Starting dev server with command: NODE_ENV=development tsx watch server/_core/index.ts
[2026-02-19T19:32:37.566Z] Server running on http://localhost:3000/
[2026-02-19T19:37:13.666Z] Dev server process group stopped
[2026-02-19T19:37:13.693Z] Dev server exited with code -15
[2026-02-19T19:37:16.671Z] Starting dev server with command: NODE_ENV=development tsx watch server/_core/index.ts
[2026-02-19T19:37:17.071Z] Server running on http://localhost:3000/
[2026-02-19T19:44:49.762Z] Dev server process group stopped
[2026-02-19T19:44:49.775Z] Dev server exited with code -15
[2026-02-19T19:44:52.767Z] Starting dev server with command: NODE_ENV=development tsx watch server/_core/index.ts
[2026-02-19T19:44:53.191Z] Server running on http://localhost:3000/
[2026-02-19T20:09:28.157Z] Dev server process group stopped
[2026-02-19T20:09:28.170Z] Dev server exited with code -15
[2026-02-19T20:09:31.162Z] Starting dev server with command: NODE_ENV=development tsx watch server/_core/index.ts
[2026-02-19T20:09:31.604Z] Server running on http://localhost:3000/
[2026-02-19T20:10:28.885Z] Dev server process group stopped
[2026-02-19T20:10:28.913Z] Dev server exited with code -15
[2026-02-19T20:10:31.890Z] Starting dev server with command: NODE_ENV=development tsx watch server/_core/index.ts
[2026-02-19T20:10:32.276Z] Server running on http://localhost:3000/
[2026-02-19T20:16:58.079Z] Dev server process group stopped
[2026-02-19T20:16:58.091Z] Dev server exited with code -15
[2026-02-19T20:17:01.212Z] Starting dev server with command: NODE_ENV=development tsx watch server/_core/index.ts
[2026-02-19T20:17:01.593Z] Server running on http://localhost:3000/
[2026-02-19T20:19:06.989Z] Dev server process group stopped
[2026-02-19T20:19:07.017Z] Dev server exited with code -15
[2026-02-19T20:19:09.994Z] Starting dev server with command: NODE_ENV=development tsx watch server/_core/index.ts
[2026-02-19T20:19:10.380Z] Server running on http://localhost:3000/
[2026-02-20T08:26:22.704Z] Dev server process group stopped
[2026-02-20T08:26:22.735Z] Dev server exited with code -15
[2026-02-20T08:26:25.708Z] Starting dev server with command: NODE_ENV=development tsx watch server/_core/index.ts
[2026-02-20T08:26:26.086Z] Server running on http://localhost:3000/
[2026-02-20T08:28:54.439Z] Dev server process group stopped
[2026-02-20T08:28:54.450Z] Dev server exited with code -15
[2026-02-20T08:28:57.444Z] Starting dev server with command: NODE_ENV=development tsx watch server/_core/index.ts
[2026-02-20T08:28:57.831Z] Server running on http://localhost:3000/
[2026-02-20T08:32:19.817Z] Dev server process group stopped
[2026-02-20T08:32:19.843Z] Dev server exited with code -15
[2026-02-20T08:32:22.821Z] Starting dev server with command: NODE_ENV=development tsx watch server/_core/index.ts
[2026-02-20T08:32:23.235Z] Server running on http://localhost:3000/
[2026-02-20T10:57:13.733Z] Dev server process group stopped
[2026-02-20T10:57:13.745Z] Dev server exited with code -15
[2026-02-20T10:57:16.737Z] Starting dev server with command: NODE_ENV=development tsx watch server/_core/index.ts
[2026-02-20T10:57:17.106Z] Server running on http://localhost:3000/
[2026-02-20T11:32:42.641Z] Dev server process group stopped
[2026-02-20T11:32:42.653Z] Dev server exited with code -15
[2026-02-20T11:32:45.729Z] Starting dev server with command: NODE_ENV=development tsx watch server/_core/index.ts
[2026-02-20T11:32:46.096Z] Server running on http://localhost:3000/
[2026-02-22T18:30:39.006Z] Starting dev server with command: NODE_ENV=development tsx watch server/_core/index.ts
[2026-02-22T18:30:39.491Z] Server running on http://localhost:3000/
[2026-02-22T18:31:20.173Z] 1:31:20 PM [tsx] change in ./server/_core/index.ts Restarting...
[2026-02-22T18:31:20.368Z] c
[2026-02-22T18:31:20.369Z] node:internal/modules/run_main:122
[2026-02-22T18:31:20.369Z] triggerUncaughtException(
[2026-02-22T18:31:20.370Z] ^
[2026-02-22T18:31:20.370Z] Error [ERR_MODULE_NOT_FOUND]: Cannot find package 'express' imported from /home/ubuntu/sharaka-platform/server/_core/index.ts
[2026-02-22T18:31:20.370Z] at packageResolve (node:internal/modules/esm/resolve:857:9)
[2026-02-22T18:31:20.370Z] at moduleResolve (node:internal/modules/esm/resolve:926:18)
[2026-02-22T18:31:20.371Z] at defaultResolve (node:internal/modules/esm/resolve:1056:11)
[2026-02-22T18:31:20.371Z] at nextResolve (node:internal/modules/esm/hooks:748:28)
[2026-02-22T18:31:20.371Z] at resolveBase (file:///home/ubuntu/.local/share/pnpm/global/5/.pnpm/tsx@4.21.0/node_modules/tsx/dist/esm/index.mjs?1771785080262:2:3744)
[2026-02-22T18:31:20.371Z] at resolveDirectory (file:///home/ubuntu/.local/share/pnpm/global/5/.pnpm/tsx@4.21.0/node_modules/tsx/dist/esm/index.mjs?1771785080262:2:4243)
[2026-02-22T18:31:20.371Z] at resolveTsPaths (file:///home/ubuntu/.local/share/pnpm/global/5/.pnpm/tsx@4.21.0/node_modules/tsx/dist/esm/index.mjs?1771785080262:2:4984)
[2026-02-22T18:31:20.372Z] at async resolve (file:///home/ubuntu/.local/share/pnpm/global/5/.pnpm/tsx@4.21.0/node_modules/tsx/dist/esm/index.mjs?1771785080262:2:5355)
[2026-02-22T18:31:20.372Z] at async nextResolve (node:internal/modules/esm/hooks:748:22)
[2026-02-22T18:31:20.372Z] at async Hooks.resolve (node:internal/modules/esm/hooks:240:24) {
[2026-02-22T18:31:20.372Z] code: 'ERR_MODULE_NOT_FOUND'
[2026-02-22T18:31:20.372Z] }
[2026-02-22T18:31:20.373Z] 
[2026-02-22T18:31:20.373Z] Node.js v22.13.0
[2026-02-22T18:31:51.032Z] Dev server process group stopped
[2026-02-22T18:31:51.038Z] Dev server exited with code -15
[2026-02-22T18:31:54.037Z] Starting dev server with command: NODE_ENV=development tsx watch server/_core/index.ts
[2026-02-22T18:31:54.466Z] 
[2026-02-22T18:31:54.467Z] node:internal/modules/run_main:122
[2026-02-22T18:31:54.467Z] triggerUncaughtException(
[2026-02-22T18:31:54.467Z] ^
[2026-02-22T18:31:54.468Z] Error [ERR_MODULE_NOT_FOUND]: Cannot find package 'zod' imported from /home/ubuntu/sharaka-platform/server/routers.ts
[2026-02-22T18:31:54.468Z] Did you mean to import "zod/index.cjs"?
[2026-02-22T18:31:54.468Z] at packageResolve (node:internal/modules/esm/resolve:857:9)
[2026-02-22T18:31:54.469Z] at moduleResolve (node:internal/modules/esm/resolve:926:18)
[2026-02-22T18:31:54.469Z] at defaultResolve (node:internal/modules/esm/resolve:1056:11)
[2026-02-22T18:31:54.469Z] at nextResolve (node:internal/modules/esm/hooks:748:28)
[2026-02-22T18:31:54.469Z] at resolveBase (file:///home/ubuntu/.local/share/pnpm/global/5/.pnpm/tsx@4.21.0/node_modules/tsx/dist/esm/index.mjs?1771785114347:2:3744)
[2026-02-22T18:31:54.470Z] at resolveDirectory (file:///home/ubuntu/.local/share/pnpm/global/5/.pnpm/tsx@4.21.0/node_modules/tsx/dist/esm/index.mjs?1771785114347:2:4243)
[2026-02-22T18:31:54.470Z] at resolveTsPaths (file:///home/ubuntu/.local/share/pnpm/global/5/.pnpm/tsx@4.21.0/node_modules/tsx/dist/esm/index.mjs?1771785114347:2:4984)
[2026-02-22T18:31:54.470Z] at async resolve (file:///home/ubuntu/.local/share/pnpm/global/5/.pnpm/tsx@4.21.0/node_modules/tsx/dist/esm/index.mjs?1771785114347:2:5355)
[2026-02-22T18:31:54.470Z] at async nextResolve (node:internal/modules/esm/hooks:748:22)
[2026-02-22T18:31:54.471Z] at async Hooks.resolve (node:internal/modules/esm/hooks:240:24) {
[2026-02-22T18:31:54.471Z] code: 'ERR_MODULE_NOT_FOUND'
[2026-02-22T18:31:54.471Z] }
[2026-02-22T18:31:54.471Z] 
[2026-02-22T18:31:54.472Z] Node.js v22.13.0
[2026-02-22T18:32:15.444Z] Dev server process group stopped
[2026-02-22T18:32:15.451Z] Dev server exited with code -15
[2026-02-22T18:32:18.450Z] Starting dev server with command: NODE_ENV=development tsx watch server/_core/index.ts
[2026-02-22T18:32:18.981Z] 
[2026-02-22T18:32:18.982Z] node:internal/modules/run_main:122
[2026-02-22T18:32:18.982Z] triggerUncaughtException(
[2026-02-22T18:32:18.983Z] ^
[2026-02-22T18:32:18.983Z] Error [ERR_MODULE_NOT_FOUND]: Cannot find package 'jose' imported from /home/ubuntu/sharaka-platform/server/_core/cookies.ts
[2026-02-22T18:32:18.983Z] at packageResolve (node:internal/modules/esm/resolve:857:9)
[2026-02-22T18:32:18.983Z] at moduleResolve (node:internal/modules/esm/resolve:926:18)
[2026-02-22T18:32:18.983Z] at defaultResolve (node:internal/modules/esm/resolve:1056:11)
[2026-02-22T18:32:18.984Z] at nextResolve (node:internal/modules/esm/hooks:748:28)
[2026-02-22T18:32:18.984Z] at resolveBase (file:///home/ubuntu/.local/share/pnpm/global/5/.pnpm/tsx@4.21.0/node_modules/tsx/dist/esm/index.mjs?1771785138751:2:3744)
[2026-02-22T18:32:18.984Z] at resolveDirectory (file:///home/ubuntu/.local/share/pnpm/global/5/.pnpm/tsx@4.21.0/node_modules/tsx/dist/esm/index.mjs?1771785138751:2:4243)
[2026-02-22T18:32:18.985Z] at resolveTsPaths (file:///home/ubuntu/.local/share/pnpm/global/5/.pnpm/tsx@4.21.0/node_modules/tsx/dist/esm/index.mjs?1771785138751:2:4984)
[2026-02-22T18:32:18.985Z] at async resolve (file:///home/ubuntu/.local/share/pnpm/global/5/.pnpm/tsx@4.21.0/node_modules/tsx/dist/esm/index.mjs?1771785138751:2:5355)
[2026-02-22T18:32:18.985Z] at async nextResolve (node:internal/modules/esm/hooks:748:22)
[2026-02-22T18:32:18.986Z] at async Hooks.resolve (node:internal/modules/esm/hooks:240:24) {
[2026-02-22T18:32:18.986Z] code: 'ERR_MODULE_NOT_FOUND'
[2026-02-22T18:32:18.986Z] }
[2026-02-22T18:32:18.986Z] 
[2026-02-22T18:32:18.986Z] Node.js v22.13.0
[2026-02-22T18:32:32.846Z] Dev server process group stopped
[2026-02-22T18:32:32.872Z] Dev server exited with code -15
[2026-02-22T18:32:35.851Z] Starting dev server with command: NODE_ENV=development tsx watch server/_core/index.ts
[2026-02-22T18:32:36.646Z] /home/ubuntu/sharaka-platform/server/db.ts:1
[2026-02-22T18:32:36.647Z] import { db as drizzleDb } from './_core/index';
[2026-02-22T18:32:36.648Z] ^
[2026-02-22T18:32:36.648Z] 
[2026-02-22T18:32:36.648Z] SyntaxError: The requested module './_core/index' does not provide an export named 'db'
[2026-02-22T18:32:36.648Z] at ModuleJob._instantiate (node:internal/modules/esm/module_job:180:21)
[2026-02-22T18:32:36.649Z] at async ModuleJob.run (node:internal/modules/esm/module_job:263:5)
[2026-02-22T18:32:36.649Z] at async onImport.tracePromise.__proto__ (node:internal/modules/esm/loader:547:26)
[2026-02-22T18:32:36.649Z] at async asyncRunEntryPointWithESMLoader (node:internal/modules/run_main:116:5)
[2026-02-22T18:32:36.650Z] 
[2026-02-22T18:32:36.650Z] Node.js v22.13.0
[2026-02-22T18:33:00.960Z] 1:33:00 PM [tsx] change in ./server/db.ts Rerunning...
[2026-02-22T18:33:01.194Z] c
[2026-02-22T18:33:01.195Z] node:internal/modules/run_main:122
[2026-02-22T18:33:01.195Z] triggerUncaughtException(
[2026-02-22T18:33:01.196Z] ^
[2026-02-22T18:33:01.196Z] Error [ERR_MODULE_NOT_FOUND]: Cannot find module '/home/ubuntu/sharaka-platform/drizzle/index' imported from /home/ubuntu/sharaka-platform/server/db.ts
[2026-02-22T18:33:01.196Z] at finalizeResolution (node:internal/modules/esm/resolve:275:11)
[2026-02-22T18:33:01.197Z] at moduleResolve (node:internal/modules/esm/resolve:932:10)
[2026-02-22T18:33:01.197Z] at defaultResolve (node:internal/modules/esm/resolve:1056:11)
[2026-02-22T18:33:01.197Z] at nextResolve (node:internal/modules/esm/hooks:748:28)
[2026-02-22T18:33:01.198Z] at resolveBase (file:///home/ubuntu/.local/share/pnpm/global/5/.pnpm/tsx@4.21.0/node_modules/tsx/dist/esm/index.mjs?1771785181041:2:3744)
[2026-02-22T18:33:01.198Z] at async resolveDirectory (file:///home/ubuntu/.local/share/pnpm/global/5/.pnpm/tsx@4.21.0/node_modules/tsx/dist/esm/index.mjs?1771785181041:2:4237)
[2026-02-22T18:33:01.198Z] at async resolve (file:///home/ubuntu/.local/share/pnpm/global/5/.pnpm/tsx@4.21.0/node_modules/tsx/dist/esm/index.mjs?1771785181041:2:5355)
[2026-02-22T18:33:01.199Z] at async nextResolve (node:internal/modules/esm/hooks:748:22)
[2026-02-22T18:33:01.199Z] at async Hooks.resolve (node:internal/modules/esm/hooks:240:24)
[2026-02-22T18:33:01.199Z] at async handleMessage (node:internal/modules/esm/worker:199:18) {
[2026-02-22T18:33:01.199Z] code: 'ERR_MODULE_NOT_FOUND',
[2026-02-22T18:33:01.200Z] url: 'file:///home/ubuntu/sharaka-platform/drizzle/index'
[2026-02-22T18:33:01.200Z] }
[2026-02-22T18:33:01.200Z] 
[2026-02-22T18:33:01.201Z] Node.js v22.13.0
[2026-02-22T18:33:21.922Z] 1:33:21 PM [tsx] change in ./server/db.ts Rerunning...
[2026-02-22T18:33:22.663Z] c/home/ubuntu/sharaka-platform/node_modules/.pnpm/path-to-regexp@8.3.0/node_modules/path-to-regexp/src/index.ts:225
[2026-02-22T18:33:22.664Z] throw new PathError(`Missing parameter name at index ${index}`, str);
[2026-02-22T18:33:22.664Z] ^
[2026-02-22T18:33:22.664Z] 
[2026-02-22T18:33:22.665Z] 
[2026-02-22T18:33:22.665Z] PathError [TypeError]: Missing parameter name at index 1: *; visit https://git.new/pathToRegexpError for info
[2026-02-22T18:33:22.665Z] at name (/home/ubuntu/sharaka-platform/node_modules/.pnpm/path-to-regexp@8.3.0/node_modules/path-to-regexp/src/index.ts:225:13)
[2026-02-22T18:33:22.665Z] at parse (/home/ubuntu/sharaka-platform/node_modules/.pnpm/path-to-regexp@8.3.0/node_modules/path-to-regexp/src/index.ts:242:62)
[2026-02-22T18:33:22.665Z] at pathToRegexp (/home/ubuntu/sharaka-platform/node_modules/.pnpm/path-to-regexp@8.3.0/node_modules/path-to-regexp/src/index.ts:480:54)
[2026-02-22T18:33:22.666Z] at Object.match (/home/ubuntu/sharaka-platform/node_modules/.pnpm/path-to-regexp@8.3.0/node_modules/path-to-regexp/src/index.ts:438:28)
[2026-02-22T18:33:22.666Z] at matcher (/home/ubuntu/sharaka-platform/node_modules/.pnpm/router@2.2.0/node_modules/router/lib/layer.js:86:23)
[2026-02-22T18:33:22.666Z] at new Layer (/home/ubuntu/sharaka-platform/node_modules/.pnpm/router@2.2.0/node_modules/router/lib/layer.js:93:62)
[2026-02-22T18:33:22.666Z] at Function.route (/home/ubuntu/sharaka-platform/node_modules/.pnpm/router@2.2.0/node_modules/router/index.js:428:17)
[2026-02-22T18:33:22.666Z] at Function.route (/home/ubuntu/sharaka-platform/node_modules/.pnpm/express@5.2.1/node_modules/express/lib/application.js:257:22)
[2026-02-22T18:33:22.667Z] at app.<computed> [as get] (/home/ubuntu/sharaka-platform/node_modules/.pnpm/express@5.2.1/node_modules/express/lib/application.js:478:22)
[2026-02-22T18:33:22.667Z] at <anonymous> (/home/ubuntu/sharaka-platform/server/_core/index.ts:24:5) {
[2026-02-22T18:33:22.667Z] originalPath: '*'
[2026-02-22T18:33:22.667Z] }
[2026-02-22T18:33:22.667Z] 
[2026-02-22T18:33:22.667Z] Node.js v22.13.0
[2026-02-22T18:33:25.350Z] Dev server process group stopped
[2026-02-22T18:33:25.356Z] Dev server exited with code -15
[2026-02-22T18:33:28.356Z] Starting dev server with command: NODE_ENV=development tsx watch server/_core/index.ts
[2026-02-22T18:33:29.003Z] /home/ubuntu/sharaka-platform/node_modules/.pnpm/path-to-regexp@8.3.0/node_modules/path-to-regexp/src/index.ts:225
[2026-02-22T18:33:29.004Z] throw new PathError(`Missing parameter name at index ${index}`, str);
[2026-02-22T18:33:29.004Z] ^
[2026-02-22T18:33:29.004Z] 
[2026-02-22T18:33:29.004Z] 
[2026-02-22T18:33:29.005Z] PathError [TypeError]: Missing parameter name at index 1: *; visit https://git.new/pathToRegexpError for info
[2026-02-22T18:33:29.005Z] at name (/home/ubuntu/sharaka-platform/node_modules/.pnpm/path-to-regexp@8.3.0/node_modules/path-to-regexp/src/index.ts:225:13)
[2026-02-22T18:33:29.005Z] at parse (/home/ubuntu/sharaka-platform/node_modules/.pnpm/path-to-regexp@8.3.0/node_modules/path-to-regexp/src/index.ts:242:62)
[2026-02-22T18:33:29.005Z] at pathToRegexp (/home/ubuntu/sharaka-platform/node_modules/.pnpm/path-to-regexp@8.3.0/node_modules/path-to-regexp/src/index.ts:480:54)
[2026-02-22T18:33:29.005Z] at Object.match (/home/ubuntu/sharaka-platform/node_modules/.pnpm/path-to-regexp@8.3.0/node_modules/path-to-regexp/src/index.ts:438:28)
[2026-02-22T18:33:29.006Z] at matcher (/home/ubuntu/sharaka-platform/node_modules/.pnpm/router@2.2.0/node_modules/router/lib/layer.js:86:23)
[2026-02-22T18:33:29.006Z] at new Layer (/home/ubuntu/sharaka-platform/node_modules/.pnpm/router@2.2.0/node_modules/router/lib/layer.js:93:62)
[2026-02-22T18:33:29.006Z] at Function.route (/home/ubuntu/sharaka-platform/node_modules/.pnpm/router@2.2.0/node_modules/router/index.js:428:17)
[2026-02-22T18:33:29.006Z] at Function.route (/home/ubuntu/sharaka-platform/node_modules/.pnpm/express@5.2.1/node_modules/express/lib/application.js:257:22)
[2026-02-22T18:33:29.006Z] at app.<computed> [as get] (/home/ubuntu/sharaka-platform/node_modules/.pnpm/express@5.2.1/node_modules/express/lib/application.js:478:22)
[2026-02-22T18:33:29.006Z] at <anonymous> (/home/ubuntu/sharaka-platform/server/_core/index.ts:24:5) {
[2026-02-22T18:33:29.006Z] originalPath: '*'
[2026-02-22T18:33:29.007Z] }
[2026-02-22T18:33:29.007Z] 
[2026-02-22T18:33:29.007Z] Node.js v22.13.0
[2026-02-22T18:33:46.189Z] 1:33:46 PM [tsx] change in ./server/_core/index.ts Rerunning...
[2026-02-22T18:33:46.477Z] c[OAuth] Initialized with baseURL: https://api.manus.im
[2026-02-22T18:33:46.478Z] Server running on http://localhost:3000/
[2026-02-22T18:33:49.620Z] Dev server process group stopped
[2026-02-22T18:33:49.621Z] SIGTERM received, shutting down gracefully
[2026-02-22T18:33:49.622Z] Server closed
[2026-02-22T18:33:49.639Z] Dev server exited with code -15
[2026-02-22T18:33:52.625Z] Starting dev server with command: NODE_ENV=development tsx watch server/_core/index.ts
[2026-02-22T18:33:53.089Z] [OAuth] Initialized with baseURL: https://api.manus.im
[2026-02-22T18:33:53.090Z] Server running on http://localhost:3000/
